<?xml version="1.0" encoding="UTF-8"?>
<testng-results ignored="0" total="1" passed="1" failed="0" skipped="0">
  <reporter-output>
  </reporter-output>
  <suite started-at="2020-10-13T15:43:37 PDT" name="Default suite" finished-at="2020-10-13T15:44:22 PDT" duration-ms="44813">
    <groups>
    </groups>
    <test started-at="2020-10-13T15:43:37 PDT" name="Default test" finished-at="2020-10-13T15:44:22 PDT" duration-ms="44813">
      <class name="swissraj1.ScheduleAppointmentPage">
        <test-method is-config="true" signature="Beforetest()[pri:0, instance:swissraj1.ScheduleAppointmentPage@193f604a]" started-at="2020-10-13T15:43:37 PDT" name="Beforetest" finished-at="2020-10-13T15:43:44 PDT" duration-ms="6230" status="PASS">
          <reporter-output>
          </reporter-output>
        </test-method> <!-- Beforetest -->
        <test-method signature="basePageNavigation()[pri:0, instance:swissraj1.ScheduleAppointmentPage@193f604a]" started-at="2020-10-13T15:43:44 PDT" name="basePageNavigation" finished-at="2020-10-13T15:44:22 PDT" duration-ms="38552" status="PASS">
          <reporter-output>
          </reporter-output>
        </test-method> <!-- basePageNavigation -->
      </class> <!-- swissraj1.ScheduleAppointmentPage -->
    </test> <!-- Default test -->
  </suite> <!-- Default suite -->
</testng-results>
